TITLE : example 4-4 of T3 element
        (14:20:35 on May 30, 2025, Friday)

C O N T R O L   I N F O R M A T I O N

      NUMBER OF NODAL POINTS . . . . . . . . . . (NUMNP)  =     4
      NUMBER OF ELEMENT GROUPS . . . . . . . . . (NUMEG)  =     1
      NUMBER OF LOAD CASES . . . . . . . . . . . (NLCASE) =     1
      SOLUTION MODE  . . . . . . . . . . . . . . (MODEX)  =     1
         EQ.0, DATA CHECK
         EQ.1, EXECUTION

 N O D A L   P O I N T   D A T A

    NODE       BOUNDARY                         NODAL POINT
   NUMBER  CONDITION  CODES                     COORDINATES
        1    1    1    1       0.00000e+00    0.00000e+00    0.00000e+00
        2    1    1    1       0.00000e+00    1.00000e+00    0.00000e+00
        3    0    0    1       2.00000e+00    5.00000e-01    0.00000e+00
        4    0    0    1       2.00000e+00    1.00000e+00    0.00000e+00

 EQUATION NUMBERS

   NODE NUMBER   DEGREES OF FREEDOM
        N           X    Y    Z
        1           0    0    0
        2           0    0    0
        3           1    2    0
        4           3    4    0

 L O A D   C A S E   D A T A

     LOAD CASE NUMBER . . . . . . . =     1
     NUMBER OF CONCENTRATED LOADS . =     2

    NODE       DIRECTION      LOAD
   NUMBER                   MAGNITUDE
      2            2       -1.00000e+01
      4            2       -1.00000e+01

 E L E M E N T   G R O U P   D A T A


 E L E M E N T   D E F I N I T I O N

 ELEMENT TYPE  . . . . . . . . . . . . .( NPAR(1) ) . . =    3
     EQ.1, TRUSS ELEMENTS
     EQ.2, ELEMENTS CURRENTLY
     EQ.3, NOT AVAILABLE

 NUMBER OF ELEMENTS. . . . . . . . . . .( NPAR(2) ) . . =    2

 M A T E R I A L   D E F I N I T I O N

 NUMBER OF DIFFERENT SETS OF MATERIAL
 AND CROSS-SECTIONAL  CONSTANTS  . . . .( NPAR(3) ) . . =    1

  SET       YOUNG'S     CROSS-SECTIONAL
 NUMBER		MODULUS		POISSON'S RATIO	THICKNESS		PLANE
		E			nu				t				
    1		3.00000e+07		3.00000e-01		1.00000e+00		PlaneStress


 E L E M E N T   I N F O R M A T I O N
 ELEMENT     NODE     NODE     NODE       MATERIAL
 NUMBER-N      I        J        K       SET NUMBER
    1          2        1        3           1
    2          2        3        4           1

	TOTAL SYSTEM DATA

     NUMBER OF EQUATIONS . . . . . . . . . . . . . .(NEQ) = 4
     NUMBER OF MATRIX ELEMENTS . . . . . . . . . . .(NWK) = 10
     MAXIMUM HALF BANDWIDTH  . . . . . . . . . . . .(MK ) = 4
     MEAN HALF BANDWIDTH . . . . . . . . . . . . . .(MM ) = 2


 LOAD CASE    1


 D I S P L A C E M E N T S

  NODE           X-DISPLACEMENT    Y-DISPLACEMENT    Z-DISPLACEMENT
    1               0.00000e+00       0.00000e+00       0.00000e+00
    2               0.00000e+00       0.00000e+00       0.00000e+00
    3              -1.93550e-07      -3.32842e-06       0.00000e+00
    4               6.17410e-07      -3.52034e-06       0.00000e+00

 S T R E S S  C A L C U L A T I O N S  F O R  E L E M E N T  G R O U P    1

  ELEMENT             S11            S22            S12            S33
  NUMBER
