TITLE : convergence analysis file of T3 element when h = 1/4
        (18:21:15 on June 3, 2025, Tuesday)

C O N T R O L   I N F O R M A T I O N

      NUMBER OF NODAL POINTS . . . . . . . . . . (NUMNP)  =   105
      NUMBER OF ELEMENT GROUPS . . . . . . . . . (NUMEG)  =     1
      NUMBER OF LOAD CASES . . . . . . . . . . . (NLCASE) =     1
      SOLUTION MODE  . . . . . . . . . . . . . . (MODEX)  =     1
         EQ.0, DATA CHECK
         EQ.1, EXECUTION

 N O D A L   P O I N T   D A T A

    NODE       BOUNDARY                         NODAL POINT
   NUMBER  CONDITION  CODES                     COORDINATES
        1    0    0    1       1.00000e+01    1.00000e+00    0.00000e+00
        2    0    0    1       9.50000e+00    1.00000e+00    0.00000e+00
        3    0    0    1       9.00000e+00    1.00000e+00    0.00000e+00
        4    0    0    1       8.50000e+00    1.00000e+00    0.00000e+00
        5    0    0    1       8.00000e+00    1.00000e+00    0.00000e+00
        6    0    0    1       7.50000e+00    1.00000e+00    0.00000e+00
        7    0    0    1       7.00000e+00    1.00000e+00    0.00000e+00
        8    0    0    1       6.50000e+00    1.00000e+00    0.00000e+00
        9    0    0    1       6.00000e+00    1.00000e+00    0.00000e+00
       10    0    0    1       5.50000e+00    1.00000e+00    0.00000e+00
       11    0    0    1       5.00000e+00    1.00000e+00    0.00000e+00
       12    0    0    1       4.50000e+00    1.00000e+00    0.00000e+00
       13    0    0    1       4.00000e+00    1.00000e+00    0.00000e+00
       14    0    0    1       3.50000e+00    1.00000e+00    0.00000e+00
       15    0    0    1       3.00000e+00    1.00000e+00    0.00000e+00
       16    0    0    1       2.50000e+00    1.00000e+00    0.00000e+00
       17    0    0    1       2.00000e+00    1.00000e+00    0.00000e+00
       18    0    0    1       1.50000e+00    1.00000e+00    0.00000e+00
       19    0    0    1       1.00000e+00    1.00000e+00    0.00000e+00
       20    0    0    1       5.00000e-01    1.00000e+00    0.00000e+00
       21    1    1    1       0.00000e+00    1.00000e+00    0.00000e+00
       22    0    0    1       1.00000e+01    5.00000e-01    0.00000e+00
       23    0    0    1       9.50000e+00    5.00000e-01    0.00000e+00
       24    0    0    1       9.00000e+00    5.00000e-01    0.00000e+00
       25    0    0    1       8.50000e+00    5.00000e-01    0.00000e+00
       26    0    0    1       8.00000e+00    5.00000e-01    0.00000e+00
       27    0    0    1       7.50000e+00    5.00000e-01    0.00000e+00
       28    0    0    1       7.00000e+00    5.00000e-01    0.00000e+00
       29    0    0    1       6.50000e+00    5.00000e-01    0.00000e+00
       30    0    0    1       6.00000e+00    5.00000e-01    0.00000e+00
       31    0    0    1       5.50000e+00    5.00000e-01    0.00000e+00
       32    0    0    1       5.00000e+00    5.00000e-01    0.00000e+00
       33    0    0    1       4.50000e+00    5.00000e-01    0.00000e+00
       34    0    0    1       4.00000e+00    5.00000e-01    0.00000e+00
       35    0    0    1       3.50000e+00    5.00000e-01    0.00000e+00
       36    0    0    1       3.00000e+00    5.00000e-01    0.00000e+00
       37    0    0    1       2.50000e+00    5.00000e-01    0.00000e+00
       38    0    0    1       2.00000e+00    5.00000e-01    0.00000e+00
       39    0    0    1       1.50000e+00    5.00000e-01    0.00000e+00
       40    0    0    1       1.00000e+00    5.00000e-01    0.00000e+00
       41    0    0    1       5.00000e-01    5.00000e-01    0.00000e+00
       42    1    1    1       0.00000e+00    5.00000e-01    0.00000e+00
       43    0    0    1       1.00000e+01    0.00000e+00    0.00000e+00
       44    0    0    1       9.50000e+00    0.00000e+00    0.00000e+00
       45    0    0    1       9.00000e+00    0.00000e+00    0.00000e+00
       46    0    0    1       8.50000e+00    0.00000e+00    0.00000e+00
       47    0    0    1       8.00000e+00    0.00000e+00    0.00000e+00
       48    0    0    1       7.50000e+00    0.00000e+00    0.00000e+00
       49    0    0    1       7.00000e+00    0.00000e+00    0.00000e+00
       50    0    0    1       6.50000e+00    0.00000e+00    0.00000e+00
       51    0    0    1       6.00000e+00    0.00000e+00    0.00000e+00
       52    0    0    1       5.50000e+00    0.00000e+00    0.00000e+00
       53    0    0    1       5.00000e+00    0.00000e+00    0.00000e+00
       54    0    0    1       4.50000e+00    0.00000e+00    0.00000e+00
       55    0    0    1       4.00000e+00    0.00000e+00    0.00000e+00
       56    0    0    1       3.50000e+00    0.00000e+00    0.00000e+00
       57    0    0    1       3.00000e+00    0.00000e+00    0.00000e+00
       58    0    0    1       2.50000e+00    0.00000e+00    0.00000e+00
       59    0    0    1       2.00000e+00    0.00000e+00    0.00000e+00
       60    0    0    1       1.50000e+00    0.00000e+00    0.00000e+00
       61    0    0    1       1.00000e+00    0.00000e+00    0.00000e+00
       62    0    0    1       5.00000e-01    0.00000e+00    0.00000e+00
       63    1    1    1       0.00000e+00    0.00000e+00    0.00000e+00
       64    0    0    1       1.00000e+01   -5.00000e-01    0.00000e+00
       65    0    0    1       9.50000e+00   -5.00000e-01    0.00000e+00
       66    0    0    1       9.00000e+00   -5.00000e-01    0.00000e+00
       67    0    0    1       8.50000e+00   -5.00000e-01    0.00000e+00
       68    0    0    1       8.00000e+00   -5.00000e-01    0.00000e+00
       69    0    0    1       7.50000e+00   -5.00000e-01    0.00000e+00
       70    0    0    1       7.00000e+00   -5.00000e-01    0.00000e+00
       71    0    0    1       6.50000e+00   -5.00000e-01    0.00000e+00
       72    0    0    1       6.00000e+00   -5.00000e-01    0.00000e+00
       73    0    0    1       5.50000e+00   -5.00000e-01    0.00000e+00
       74    0    0    1       5.00000e+00   -5.00000e-01    0.00000e+00
       75    0    0    1       4.50000e+00   -5.00000e-01    0.00000e+00
       76    0    0    1       4.00000e+00   -5.00000e-01    0.00000e+00
       77    0    0    1       3.50000e+00   -5.00000e-01    0.00000e+00
       78    0    0    1       3.00000e+00   -5.00000e-01    0.00000e+00
       79    0    0    1       2.50000e+00   -5.00000e-01    0.00000e+00
       80    0    0    1       2.00000e+00   -5.00000e-01    0.00000e+00
       81    0    0    1       1.50000e+00   -5.00000e-01    0.00000e+00
       82    0    0    1       1.00000e+00   -5.00000e-01    0.00000e+00
       83    0    0    1       5.00000e-01   -5.00000e-01    0.00000e+00
       84    1    1    1       0.00000e+00   -5.00000e-01    0.00000e+00
       85    0    0    1       1.00000e+01   -1.00000e+00    0.00000e+00
       86    0    0    1       9.50000e+00   -1.00000e+00    0.00000e+00
       87    0    0    1       9.00000e+00   -1.00000e+00    0.00000e+00
       88    0    0    1       8.50000e+00   -1.00000e+00    0.00000e+00
       89    0    0    1       8.00000e+00   -1.00000e+00    0.00000e+00
       90    0    0    1       7.50000e+00   -1.00000e+00    0.00000e+00
       91    0    0    1       7.00000e+00   -1.00000e+00    0.00000e+00
       92    0    0    1       6.50000e+00   -1.00000e+00    0.00000e+00
       93    0    0    1       6.00000e+00   -1.00000e+00    0.00000e+00
       94    0    0    1       5.50000e+00   -1.00000e+00    0.00000e+00
       95    0    0    1       5.00000e+00   -1.00000e+00    0.00000e+00
       96    0    0    1       4.50000e+00   -1.00000e+00    0.00000e+00
       97    0    0    1       4.00000e+00   -1.00000e+00    0.00000e+00
       98    0    0    1       3.50000e+00   -1.00000e+00    0.00000e+00
       99    0    0    1       3.00000e+00   -1.00000e+00    0.00000e+00
      100    0    0    1       2.50000e+00   -1.00000e+00    0.00000e+00
      101    0    0    1       2.00000e+00   -1.00000e+00    0.00000e+00
      102    0    0    1       1.50000e+00   -1.00000e+00    0.00000e+00
      103    0    0    1       1.00000e+00   -1.00000e+00    0.00000e+00
      104    0    0    1       5.00000e-01   -1.00000e+00    0.00000e+00
      105    1    1    1       0.00000e+00   -1.00000e+00    0.00000e+00

 EQUATION NUMBERS

   NODE NUMBER   DEGREES OF FREEDOM
        N           X    Y    Z
        1           1    2    0
        2           3    4    0
        3           5    6    0
        4           7    8    0
        5           9   10    0
        6          11   12    0
        7          13   14    0
        8          15   16    0
        9          17   18    0
       10          19   20    0
       11          21   22    0
       12          23   24    0
       13          25   26    0
       14          27   28    0
       15          29   30    0
       16          31   32    0
       17          33   34    0
       18          35   36    0
       19          37   38    0
       20          39   40    0
       21           0    0    0
       22          41   42    0
       23          43   44    0
       24          45   46    0
       25          47   48    0
       26          49   50    0
       27          51   52    0
       28          53   54    0
       29          55   56    0
       30          57   58    0
       31          59   60    0
       32          61   62    0
       33          63   64    0
       34          65   66    0
       35          67   68    0
       36          69   70    0
       37          71   72    0
       38          73   74    0
       39          75   76    0
       40          77   78    0
       41          79   80    0
       42           0    0    0
       43          81   82    0
       44          83   84    0
       45          85   86    0
       46          87   88    0
       47          89   90    0
       48          91   92    0
       49          93   94    0
       50          95   96    0
       51          97   98    0
       52          99  100    0
       53         101  102    0
       54         103  104    0
       55         105  106    0
       56         107  108    0
       57         109  110    0
       58         111  112    0
       59         113  114    0
       60         115  116    0
       61         117  118    0
       62         119  120    0
       63           0    0    0
       64         121  122    0
       65         123  124    0
       66         125  126    0
       67         127  128    0
       68         129  130    0
       69         131  132    0
       70         133  134    0
       71         135  136    0
       72         137  138    0
       73         139  140    0
       74         141  142    0
       75         143  144    0
       76         145  146    0
       77         147  148    0
       78         149  150    0
       79         151  152    0
       80         153  154    0
       81         155  156    0
       82         157  158    0
       83         159  160    0
       84           0    0    0
       85         161  162    0
       86         163  164    0
       87         165  166    0
       88         167  168    0
       89         169  170    0
       90         171  172    0
       91         173  174    0
       92         175  176    0
       93         177  178    0
       94         179  180    0
       95         181  182    0
       96         183  184    0
       97         185  186    0
       98         187  188    0
       99         189  190    0
      100         191  192    0
      101         193  194    0
      102         195  196    0
      103         197  198    0
      104         199  200    0
      105           0    0    0

 L O A D   C A S E   D A T A

     LOAD CASE NUMBER . . . . . . . =     1
     NUMBER OF CONCENTRATED LOADS . =     2

    NODE       DIRECTION      LOAD
   NUMBER                   MAGNITUDE
      1            1        1.00000e+00
     85            1       -1.00000e+00

 E L E M E N T   G R O U P   D A T A


 E L E M E N T   D E F I N I T I O N

 ELEMENT TYPE  . . . . . . . . . . . . .( NPAR(1) ) . . =    3
     EQ.1, TRUSS ELEMENTS
     EQ.2, ELEMENTS CURRENTLY
     EQ.3, NOT AVAILABLE

 NUMBER OF ELEMENTS. . . . . . . . . . .( NPAR(2) ) . . =  160

 M A T E R I A L   D E F I N I T I O N

 NUMBER OF DIFFERENT SETS OF MATERIAL
 AND CROSS-SECTIONAL  CONSTANTS  . . . .( NPAR(3) ) . . =    1

  SET       YOUNG'S     POISSON'S     THICKNESS      PLANE
 NUMBER     MODULUS       RATIO
               E            nu            t
    1    1.00000e+04    0.00000e+00    1.00000e+00    PlaneStress


 E L E M E N T   I N F O R M A T I O N
 ELEMENT     NODE     NODE     NODE       MATERIAL
 NUMBER-N      I        J        K       SET NUMBER
    1          1        2       23           1
    2         23       22        1           1
    3          2        3       24           1
    4         24       23        2           1
    5          3        4       25           1
    6         25       24        3           1
    7          4        5       26           1
    8         26       25        4           1
    9          5        6       27           1
   10         27       26        5           1
   11          6        7       28           1
   12         28       27        6           1
   13          7        8       29           1
   14         29       28        7           1
   15          8        9       30           1
   16         30       29        8           1
   17          9       10       31           1
   18         31       30        9           1
   19         10       11       32           1
   20         32       31       10           1
   21         11       12       33           1
   22         33       32       11           1
   23         12       13       34           1
   24         34       33       12           1
   25         13       14       35           1
   26         35       34       13           1
   27         14       15       36           1
   28         36       35       14           1
   29         15       16       37           1
   30         37       36       15           1
   31         16       17       38           1
   32         38       37       16           1
   33         17       18       39           1
   34         39       38       17           1
   35         18       19       40           1
   36         40       39       18           1
   37         19       20       41           1
   38         41       40       19           1
   39         20       21       42           1
   40         42       41       20           1
   41         22       23       44           1
   42         44       43       22           1
   43         23       24       45           1
   44         45       44       23           1
   45         24       25       46           1
   46         46       45       24           1
   47         25       26       47           1
   48         47       46       25           1
   49         26       27       48           1
   50         48       47       26           1
   51         27       28       49           1
   52         49       48       27           1
   53         28       29       50           1
   54         50       49       28           1
   55         29       30       51           1
   56         51       50       29           1
   57         30       31       52           1
   58         52       51       30           1
   59         31       32       53           1
   60         53       52       31           1
   61         32       33       54           1
   62         54       53       32           1
   63         33       34       55           1
   64         55       54       33           1
   65         34       35       56           1
   66         56       55       34           1
   67         35       36       57           1
   68         57       56       35           1
   69         36       37       58           1
   70         58       57       36           1
   71         37       38       59           1
   72         59       58       37           1
   73         38       39       60           1
   74         60       59       38           1
   75         39       40       61           1
   76         61       60       39           1
   77         40       41       62           1
   78         62       61       40           1
   79         41       42       63           1
   80         63       62       41           1
   81         43       44       65           1
   82         65       64       43           1
   83         44       45       66           1
   84         66       65       44           1
   85         45       46       67           1
   86         67       66       45           1
   87         46       47       68           1
   88         68       67       46           1
   89         47       48       69           1
   90         69       68       47           1
   91         48       49       70           1
   92         70       69       48           1
   93         49       50       71           1
   94         71       70       49           1
   95         50       51       72           1
   96         72       71       50           1
   97         51       52       73           1
   98         73       72       51           1
   99         52       53       74           1
  100         74       73       52           1
  101         53       54       75           1
  102         75       74       53           1
  103         54       55       76           1
  104         76       75       54           1
  105         55       56       77           1
  106         77       76       55           1
  107         56       57       78           1
  108         78       77       56           1
  109         57       58       79           1
  110         79       78       57           1
  111         58       59       80           1
  112         80       79       58           1
  113         59       60       81           1
  114         81       80       59           1
  115         60       61       82           1
  116         82       81       60           1
  117         61       62       83           1
  118         83       82       61           1
  119         62       63       84           1
  120         84       83       62           1
  121         64       65       86           1
  122         86       85       64           1
  123         65       66       87           1
  124         87       86       65           1
  125         66       67       88           1
  126         88       87       66           1
  127         67       68       89           1
  128         89       88       67           1
  129         68       69       90           1
  130         90       89       68           1
  131         69       70       91           1
  132         91       90       69           1
  133         70       71       92           1
  134         92       91       70           1
  135         71       72       93           1
  136         93       92       71           1
  137         72       73       94           1
  138         94       93       72           1
  139         73       74       95           1
  140         95       94       73           1
  141         74       75       96           1
  142         96       95       74           1
  143         75       76       97           1
  144         97       96       75           1
  145         76       77       98           1
  146         98       97       76           1
  147         77       78       99           1
  148         99       98       77           1
  149         78       79      100           1
  150        100       99       78           1
  151         79       80      101           1
  152        101      100       79           1
  153         80       81      102           1
  154        102      101       80           1
  155         81       82      103           1
  156        103      102       81           1
  157         82       83      104           1
  158        104      103       82           1
  159         83       84      105           1
  160        105      104       83           1

	TOTAL SYSTEM DATA

     NUMBER OF EQUATIONS . . . . . . . . . . . . . .(NEQ) = 200
     NUMBER OF MATRIX ELEMENTS . . . . . . . . . . .(NWK) = 7080
     MAXIMUM HALF BANDWIDTH  . . . . . . . . . . . .(MK ) = 44
     MEAN HALF BANDWIDTH . . . . . . . . . . . . . .(MM ) = 35


 LOAD CASE    1


 D I S P L A C E M E N T S

  NODE           X-DISPLACEMENT    Y-DISPLACEMENT    Z-DISPLACEMENT
    1               2.49906e-03      -1.23176e-02       0.00000e+00
    2               2.34887e-03      -1.11078e-02       0.00000e+00
    3               2.21762e-03      -9.96872e-03       0.00000e+00
    4               2.09254e-03      -8.89222e-03       0.00000e+00
    5               1.96914e-03      -7.87701e-03       0.00000e+00
    6               1.84609e-03      -6.92318e-03       0.00000e+00
    7               1.72305e-03      -6.03083e-03       0.00000e+00
    8               1.60000e-03      -5.20003e-03       0.00000e+00
    9               1.47693e-03      -4.43078e-03       0.00000e+00
   10               1.35385e-03      -3.72308e-03       0.00000e+00
   11               1.23077e-03      -3.07692e-03       0.00000e+00
   12               1.10769e-03      -2.49231e-03       0.00000e+00
   13               9.84616e-04      -1.96923e-03       0.00000e+00
   14               8.61539e-04      -1.50769e-03       0.00000e+00
   15               7.38462e-04      -1.10769e-03       0.00000e+00
   16               6.15385e-04      -7.69231e-04       0.00000e+00
   17               4.92308e-04      -4.92308e-04       0.00000e+00
   18               3.69231e-04      -2.76923e-04       0.00000e+00
   19               2.46154e-04      -1.23077e-04       0.00000e+00
   20               1.23077e-04      -3.07692e-05       0.00000e+00
   21               0.00000e+00       0.00000e+00       0.00000e+00
   22               1.18400e-03      -1.23255e-02       0.00000e+00
   23               1.15488e-03      -1.11100e-02       0.00000e+00
   24               1.10335e-03      -9.96972e-03       0.00000e+00
   25               1.04487e-03      -8.89258e-03       0.00000e+00
   26               9.84237e-04      -7.87712e-03       0.00000e+00
   27               9.22963e-04      -6.92320e-03       0.00000e+00
   28               8.61503e-04      -6.03083e-03       0.00000e+00
   29               7.99988e-04      -5.20003e-03       0.00000e+00
   30               7.38457e-04      -4.43078e-03       0.00000e+00
   31               6.76922e-04      -3.72308e-03       0.00000e+00
   32               6.15384e-04      -3.07692e-03       0.00000e+00
   33               5.53846e-04      -2.49231e-03       0.00000e+00
   34               4.92308e-04      -1.96923e-03       0.00000e+00
   35               4.30769e-04      -1.50769e-03       0.00000e+00
   36               3.69231e-04      -1.10769e-03       0.00000e+00
   37               3.07692e-04      -7.69231e-04       0.00000e+00
   38               2.46154e-04      -4.92308e-04       0.00000e+00
   39               1.84615e-04      -2.76923e-04       0.00000e+00
   40               1.23077e-04      -1.23077e-04       0.00000e+00
   41               6.15385e-05      -3.07692e-05       0.00000e+00
   42               0.00000e+00       0.00000e+00       0.00000e+00
   43               4.49120e-06      -1.23143e-02       0.00000e+00
   44               9.04788e-07      -1.11179e-02       0.00000e+00
   45               1.02177e-06      -9.97361e-03       0.00000e+00
   46               7.02174e-07      -8.89383e-03       0.00000e+00
   47               3.56646e-07      -7.87741e-03       0.00000e+00
   48               1.48291e-07      -6.92322e-03       0.00000e+00
   49               5.12555e-08      -6.03081e-03       0.00000e+00
   50               1.37691e-08      -5.20001e-03       0.00000e+00
   51               1.90302e-09      -4.43077e-03       0.00000e+00
   52              -7.83309e-10      -3.72308e-03       0.00000e+00
   53              -8.58509e-10      -3.07692e-03       0.00000e+00
   54              -4.91167e-10      -2.49231e-03       0.00000e+00
   55              -2.15640e-10      -1.96923e-03       0.00000e+00
   56              -7.60452e-11      -1.50769e-03       0.00000e+00
   57              -1.97349e-11      -1.10769e-03       0.00000e+00
   58              -1.71153e-12      -7.69231e-04       0.00000e+00
   59               2.09879e-12      -4.92308e-04       0.00000e+00
   60               1.85483e-12      -2.76923e-04       0.00000e+00
   61               1.00227e-12      -1.23077e-04       0.00000e+00
   62               3.72651e-13      -3.07692e-05       0.00000e+00
   63               0.00000e+00       0.00000e+00       0.00000e+00
   64              -1.17925e-03      -1.23334e-02       0.00000e+00
   65              -1.15169e-03      -1.11185e-02       0.00000e+00
   66              -1.10230e-03      -9.97266e-03       0.00000e+00
   67              -1.04458e-03      -8.89313e-03       0.00000e+00
   68              -9.84179e-04      -7.87701e-03       0.00000e+00
   69              -9.22966e-04      -6.92302e-03       0.00000e+00
   70              -8.61515e-04      -6.03072e-03       0.00000e+00
   71              -7.99997e-04      -5.19997e-03       0.00000e+00
   72              -7.38463e-04      -4.43076e-03       0.00000e+00
   73              -6.76924e-04      -3.72307e-03       0.00000e+00
   74              -6.15385e-04      -3.07692e-03       0.00000e+00
   75              -5.53846e-04      -2.49231e-03       0.00000e+00
   76              -4.92308e-04      -1.96923e-03       0.00000e+00
   77              -4.30769e-04      -1.50769e-03       0.00000e+00
   78              -3.69231e-04      -1.10769e-03       0.00000e+00
   79              -3.07692e-04      -7.69231e-04       0.00000e+00
   80              -2.46154e-04      -4.92308e-04       0.00000e+00
   81              -1.84615e-04      -2.76923e-04       0.00000e+00
   82              -1.23077e-04      -1.23077e-04       0.00000e+00
   83              -6.15385e-05      -3.07692e-05       0.00000e+00
   84               0.00000e+00       0.00000e+00       0.00000e+00
   85              -2.51753e-03      -1.23729e-02       0.00000e+00
   86              -2.35705e-03      -1.11137e-02       0.00000e+00
   87              -2.22176e-03      -9.96828e-03       0.00000e+00
   88              -2.09452e-03      -8.89127e-03       0.00000e+00
   89              -1.96997e-03      -7.87632e-03       0.00000e+00
   90              -1.84638e-03      -6.92278e-03       0.00000e+00
   91              -1.72313e-03      -6.03063e-03       0.00000e+00
   92              -1.60001e-03      -5.19994e-03       0.00000e+00
   93              -1.47692e-03      -4.43075e-03       0.00000e+00
   94              -1.35384e-03      -3.72307e-03       0.00000e+00
   95              -1.23077e-03      -3.07692e-03       0.00000e+00
   96              -1.10769e-03      -2.49231e-03       0.00000e+00
   97              -9.84615e-04      -1.96923e-03       0.00000e+00
   98              -8.61538e-04      -1.50769e-03       0.00000e+00
   99              -7.38462e-04      -1.10769e-03       0.00000e+00
  100              -6.15385e-04      -7.69231e-04       0.00000e+00
  101              -4.92308e-04      -4.92308e-04       0.00000e+00
  102              -3.69231e-04      -2.76923e-04       0.00000e+00
  103              -2.46154e-04      -1.23077e-04       0.00000e+00
  104              -1.23077e-04      -3.07692e-05       0.00000e+00
  105               0.00000e+00       0.00000e+00       0.00000e+00

 S T R E S S  C A L C U L A T I O N S  F O R  E L E M E N T  G R O U P    1

  ELEMENT             S11            S22            S12            S33
  NUMBER
      1       3.003748       0.045023      -0.157952       0.000000
      2       0.582411       0.157952       0.996252       0.000000
      3       2.624984       0.020157      -0.247999       0.000000
      4       1.030687       0.045023       0.536716       0.000000
      5       2.501666       0.007332      -0.288314       0.000000
      6       1.169581       0.020157       0.371317       0.000000
      7       2.467926       0.002083      -0.302977       0.000000
      8       1.212616       0.007332       0.322054       0.000000
      9       2.461084       0.000398      -0.307144       0.000000
     10       1.225475       0.002083       0.309819       0.000000
     11       2.460652      -0.000010      -0.307940       0.000000
     12       1.229211       0.000398       0.307576       0.000000
     13       2.461121      -0.000058      -0.307919       0.000000
     14       1.230291      -0.000010       0.307472       0.000000
     15       2.461426      -0.000036      -0.307804       0.000000
     16       1.230613      -0.000058       0.307614       0.000000
     17       2.461539      -0.000015      -0.307732       0.000000
     18       1.230715      -0.000036       0.307690       0.000000
     19       2.461562      -0.000005      -0.307702       0.000000
     20       1.230750      -0.000015       0.307709       0.000000
     21       2.461557      -0.000001      -0.307692       0.000000
     22       1.230762      -0.000005       0.307707       0.000000
     23       2.461548       0.000000      -0.307691       0.000000
     24       1.230767      -0.000001       0.307701       0.000000
     25       2.461543       0.000000      -0.307691       0.000000
     26       1.230769       0.000000       0.307696       0.000000
     27       2.461540       0.000000      -0.307692       0.000000
     28       1.230769       0.000000       0.307694       0.000000
     29       2.461539       0.000000      -0.307692       0.000000
     30       1.230769       0.000000       0.307693       0.000000
     31       2.461539       0.000000      -0.307692       0.000000
     32       1.230769       0.000000       0.307692       0.000000
     33       2.461538       0.000000      -0.307692       0.000000
     34       1.230769       0.000000       0.307692       0.000000
     35       2.461538       0.000000      -0.307692       0.000000
     36       1.230769       0.000000       0.307692       0.000000
     37       2.461538       0.000000      -0.307692       0.000000
     38       1.230769       0.000000       0.307692       0.000000
     39       2.461538       0.000000      -0.307692       0.000000
     40       1.230769       0.000000       0.307692       0.000000
     41       0.582411       0.157481      -0.614535       0.000000
     42       0.071728      -0.223765      -0.168570       0.000000
     43       1.030687       0.077780      -0.379915       0.000000
     44      -0.002340       0.157481       0.096747       0.000000
     45       1.169581       0.024999      -0.329760       0.000000
     46       0.006392       0.077780       0.225444       0.000000
     47       1.212616       0.005818      -0.315833       0.000000
     48       0.006911       0.024999       0.277430       0.000000
     49       1.225475       0.000556      -0.311067       0.000000
     50       0.004167       0.005818       0.296956       0.000000
     51       1.229211      -0.000381      -0.309139       0.000000
     52       0.001941       0.000556       0.304027       0.000000
     53       1.230291      -0.000314      -0.308294       0.000000
     54       0.000750      -0.000381       0.306510       0.000000
     55       1.230613      -0.000150      -0.307924       0.000000
     56       0.000237      -0.000314       0.307345       0.000000
     57       1.230715      -0.000053      -0.307772       0.000000
     58       0.000054      -0.000150       0.307607       0.000000
     59       1.230750      -0.000013      -0.307715       0.000000
     60       0.000002      -0.000053       0.307679       0.000000
     61       1.230762      -0.000000      -0.307696       0.000000
     62      -0.000007      -0.000013       0.307695       0.000000
     63       1.230767       0.000002      -0.307692       0.000000
     64      -0.000006      -0.000000       0.307696       0.000000
     65       1.230769       0.000002      -0.307691       0.000000
     66      -0.000003       0.000002       0.307694       0.000000
     67       1.230769       0.000001      -0.307692       0.000000
     68      -0.000001       0.000002       0.307693       0.000000
     69       1.230769       0.000000      -0.307692       0.000000
     70      -0.000000       0.000001       0.307693       0.000000
     71       1.230769       0.000000      -0.307692       0.000000
     72      -0.000000       0.000000       0.307692       0.000000
     73       1.230769       0.000000      -0.307692       0.000000
     74       0.000000       0.000000       0.307692       0.000000
     75       1.230769       0.000000      -0.307692       0.000000
     76       0.000000       0.000000       0.307692       0.000000
     77       1.230769      -0.000000      -0.307692       0.000000
     78       0.000000       0.000000       0.307692       0.000000
     79       1.230769       0.000000      -0.307692       0.000000
     80       0.000000      -0.000000       0.307692       0.000000
     81       0.071728       0.010880      -0.437690       0.000000
     82      -0.551214       0.382495      -0.312026       0.000000
     83      -0.002340      -0.018981      -0.409804       0.000000
     84      -0.987885       0.010880       0.068039       0.000000
     85       0.006392      -0.014051      -0.344980       0.000000
     86      -1.154379      -0.018981       0.237870       0.000000
     87       0.006911      -0.008026      -0.318865       0.000000
     88      -1.208019      -0.014051       0.291612       0.000000
     89       0.004167      -0.004102      -0.310705       0.000000
     90      -1.224271      -0.008026       0.305476       0.000000
     91       0.001941      -0.001907      -0.308459       0.000000
     92      -1.229018      -0.004102       0.308118       0.000000
     93       0.000750      -0.000801      -0.307890       0.000000
     94      -1.230349      -0.001907       0.308212       0.000000
     95       0.000237      -0.000299      -0.307751       0.000000
     96      -1.230695      -0.000801       0.307966       0.000000
     97       0.000054      -0.000096      -0.307714       0.000000
     98      -1.230771      -0.000299       0.307801       0.000000
     99       0.000002      -0.000023      -0.307701       0.000000
    100      -1.230780      -0.000096       0.307726       0.000000
    101      -0.000007      -0.000002      -0.307696       0.000000
    102      -1.230776      -0.000023       0.307699       0.000000
    103      -0.000006       0.000002      -0.307694       0.000000
    104      -1.230772      -0.000002       0.307692       0.000000
    105      -0.000003       0.000002      -0.307693       0.000000
    106      -1.230770       0.000002       0.307691       0.000000
    107      -0.000001       0.000001      -0.307692       0.000000
    108      -1.230770       0.000002       0.307691       0.000000
    109      -0.000000       0.000000      -0.307692       0.000000
    110      -1.230769       0.000001       0.307692       0.000000
    111      -0.000000       0.000000      -0.307692       0.000000
    112      -1.230769       0.000000       0.307692       0.000000
    113       0.000000       0.000000      -0.307692       0.000000
    114      -1.230769       0.000000       0.307692       0.000000
    115       0.000000       0.000000      -0.307692       0.000000
    116      -1.230769       0.000000       0.307692       0.000000
    117       0.000000      -0.000000      -0.307692       0.000000
    118      -1.230769       0.000000       0.307692       0.000000
    119       0.000000       0.000000      -0.307692       0.000000
    120      -1.230769      -0.000000       0.307692       0.000000
    121      -0.551214      -0.095415      -0.095881       0.000000
    122      -3.209598       0.790402       0.790402       0.000000
    123      -0.987885      -0.087581      -0.263356       0.000000
    124      -2.705907      -0.095415       0.599572       0.000000
    125      -1.154379      -0.037255      -0.295988       0.000000
    126      -2.544853      -0.087581       0.424411       0.000000
    127      -1.208019      -0.013733      -0.303321       0.000000
    128      -2.490941      -0.037255       0.349900       0.000000
    129      -1.224271      -0.004878      -0.305771       0.000000
    130      -2.471827      -0.013733       0.322435       0.000000
    131      -1.229018      -0.001701      -0.306861       0.000000
    132      -2.464920      -0.004878       0.312678       0.000000
    133      -1.230349      -0.000571      -0.307366       0.000000
    134      -2.462504      -0.001701       0.309277       0.000000
    135      -1.230695      -0.000176      -0.307582       0.000000
    136      -2.461736      -0.000571       0.308135       0.000000
    137      -1.230771      -0.000045      -0.307664       0.000000
    138      -2.461534      -0.000176       0.307783       0.000000
    139      -1.230780      -0.000007      -0.307689       0.000000
    140      -2.461505      -0.000045       0.307693       0.000000
    141      -1.230776       0.000002      -0.307695       0.000000
    142      -2.461515      -0.000007       0.307679       0.000000
    143      -1.230772       0.000002      -0.307695       0.000000
    144      -2.461527       0.000002       0.307683       0.000000
    145      -1.230770       0.000001      -0.307694       0.000000
    146      -2.461534       0.000002       0.307688       0.000000
    147      -1.230770       0.000001      -0.307693       0.000000
    148      -2.461537       0.000001       0.307690       0.000000
    149      -1.230769       0.000000      -0.307693       0.000000
    150      -2.461538       0.000001       0.307692       0.000000
    151      -1.230769       0.000000      -0.307692       0.000000
    152      -2.461538       0.000000       0.307692       0.000000
    153      -1.230769       0.000000      -0.307692       0.000000
    154      -2.461539       0.000000       0.307692       0.000000
    155      -1.230769      -0.000000      -0.307692       0.000000
    156      -2.461539       0.000000       0.307692       0.000000
    157      -1.230769      -0.000000      -0.307692       0.000000
    158      -2.461538      -0.000000       0.307692       0.000000
    159      -1.230769       0.000000      -0.307692       0.000000
    160      -2.461538      -0.000000       0.307692       0.000000


 S O L U T I O N   T I M E   L O G   I N   S E C 

     TIME FOR INPUT PHASE = 0.003481
     TIME FOR CALCULATION OF STIFFNESS MATRIX = 0.000170
     TIME FOR FACTORIZATION AND LOAD CASE SOLUTIONS = 0.004282

     T O T A L   S O L U T I O N   T I M E = 0.007933

